<?xml version="1.0" encoding="UTF-8"?>
<!-- Generated by org.testng.reporters.JUnitXMLReporter -->
<testsuite hostname="DESKTOP-OO9JJOQ" ignored="2" name="sample test" tests="2" failures="0" timestamp="27 Oct 2020 21:49:59 GMT" time="0.039" errors="0">
  <testcase name="homePageTitleTest" time="0.005" classname="testngSessions.HomePageTest"/>
  <testcase name="contactPageTitleTest" time="0.001" classname="testngSessions.ContactsPageTest"/>
  <testcase name="@BeforeTest setUp" time="0.0" classname="testngSessions.BaseTest">
    <ignored/>
  </testcase> <!-- @BeforeTest setUp -->
  <testcase name="@AfterTest tearDown" time="0.0" classname="testngSessions.BaseTest">
    <ignored/>
  </testcase> <!-- @AfterTest tearDown -->
</testsuite> <!-- sample test -->
