<?xml version="1.0" encoding="UTF-8"?>
<!-- Generated by org.testng.reporters.JUnitXMLReporter -->
<testsuite hostname="DESKTOP-OO9JJOQ" ignored="2" name="sample test - 2" tests="2" failures="0" timestamp="27 Oct 2020 23:18:52 GMT" time="20.024" errors="0">
  <testcase name="homePageTitleTest" time="0.021" classname="testngSessions.HomePageTest"/>
  <testcase name="contactPageTitleTest" time="0.006" classname="testngSessions.ContactsPageTest"/>
  <testcase name="@BeforeTest setUp" time="0.0" classname="testngSessions.BaseTest">
    <ignored/>
  </testcase> <!-- @BeforeTest setUp -->
  <testcase name="@AfterTest tearDown" time="0.0" classname="testngSessions.BaseTest">
    <ignored/>
  </testcase> <!-- @AfterTest tearDown -->
</testsuite> <!-- sample test - 2 -->
